<?xml version="1.0" encoding="UTF-8"?>
<!-- Generated by org.testng.reporters.JUnitReportReporter -->
<testsuite hostname="HEMANTH-0205" failures="0" tests="1" name="Curd_Methods.PostMethod" time="2.381" errors="0" timestamp="2022-11-02T15:12:10 IST" skipped="0">
  <testcase classname="Curd_Methods.PostMethod" name="postMethod1" time="2.381"/>
  <system-out/>
</testsuite> <!-- Curd_Methods.PostMethod -->
