<?xml version="1.0" encoding="UTF-8"?>
<!-- Generated by org.testng.reporters.JUnitReportReporter -->
<testsuite hostname="HEMANTH-0205" failures="0" tests="5" name="runner.Runner_University" time="2.832" errors="0" timestamp="2022-11-03T15:19:58 IST" skipped="0">
  <testcase classname="runner.Runner_University" name="runScenario" time="2.525"/>
  <system-out/>
  <testcase classname="runner.Runner_University" name="runScenario" time="0.094"/>
  <system-out/>
  <testcase classname="runner.Runner_University" name="runScenario" time="0.070"/>
  <system-out/>
  <testcase classname="runner.Runner_University" name="runScenario" time="0.044"/>
  <system-out/>
  <testcase classname="runner.Runner_University" name="runScenario" time="0.099"/>
  <system-out/>
</testsuite> <!-- runner.Runner_University -->
