<?xml version="1.0" encoding="UTF-8"?>
<!-- Generated by org.testng.reporters.JUnitReportReporter -->
<testsuite hostname="HEMANTH-0205" failures="0" tests="1" name="authentication.BearerToken" time="6.022" errors="0" timestamp="2022-11-05T10:24:05 IST" skipped="0">
  <testcase classname="authentication.BearerToken" name="bearerToken" time="6.022"/>
  <system-out/>
</testsuite> <!-- authentication.BearerToken -->
