<?xml version="1.0" encoding="UTF-8"?>
<!-- Generated by org.testng.reporters.JUnitReportReporter -->
<testsuite hostname="HEMANTH-0205" failures="0" tests="1" name="Curd_Methods.PutMethod" time="1.628" errors="0" timestamp="2022-11-02T15:33:19 IST" skipped="0">
  <testcase classname="Curd_Methods.PutMethod" name="putmethod" time="1.628"/>
  <system-out/>
</testsuite> <!-- Curd_Methods.PutMethod -->
