<?xml version="1.0" encoding="UTF-8"?>
<!-- Generated by org.testng.reporters.JUnitReportReporter -->
<testsuite hostname="HEMANTH-0205" failures="0" tests="1" name="Curd_Methods.GetMethod" time="2.088" errors="0" timestamp="2022-11-02T12:34:01 IST" skipped="0">
  <testcase classname="Curd_Methods.GetMethod" name="getmethod" time="2.088"/>
  <system-out/>
</testsuite> <!-- Curd_Methods.GetMethod -->
