<?xml version="1.0" encoding="UTF-8"?>
<!-- Generated by org.testng.reporters.JUnitReportReporter -->
<testsuite hostname="HEMANTH-0205" failures="0" tests="1" name="authentication.BasicAuth" time="6.806" errors="0" timestamp="2022-11-05T10:25:24 IST" skipped="0">
  <testcase classname="authentication.BasicAuth" name="basic" time="6.806"/>
  <system-out/>
</testsuite> <!-- authentication.BasicAuth -->
