<?xml version="1.0" encoding="UTF-8"?>
<!-- Generated by org.testng.reporters.JUnitReportReporter -->
<testsuite hostname="HEMANTH-0205" failures="0" tests="1" name="Curd_Methods.PostMethod" time="3.361" errors="0" timestamp="2022-11-05T11:42:32 IST" skipped="0">
  <testcase classname="Curd_Methods.PostMethod" name="postMethod1" time="3.361"/>
  <system-out/>
</testsuite> <!-- Curd_Methods.PostMethod -->
