<?xml version="1.0" encoding="UTF-8"?>
<!-- Generated by org.testng.reporters.JUnitReportReporter -->
<testsuite hostname="HEMANTH-0205" failures="0" tests="1" name="Curd_Methods.DeleteMethod" time="1.509" errors="0" timestamp="2022-11-02T15:40:04 IST" skipped="0">
  <testcase classname="Curd_Methods.DeleteMethod" name="delete" time="1.509"/>
  <system-out/>
</testsuite> <!-- Curd_Methods.DeleteMethod -->
