<?xml version="1.0" encoding="UTF-8"?>
<!-- Generated by org.testng.reporters.JUnitReportReporter -->
<testsuite hostname="HEMANTH-0205" failures="0" tests="1" name="Curd_Methods.Get_Method" time="1.889" errors="0" timestamp="2022-11-02T12:39:36 IST" skipped="0">
  <testcase classname="Curd_Methods.Get_Method" name="getmethod1" time="1.889"/>
  <system-out/>
</testsuite> <!-- Curd_Methods.Get_Method -->
